2016-09-18 07:47:33 pid:16003 Workerman[server.php] chat 
2016-09-18 07:47:33 pid:16003 Workerman[server.php] not run
2016-09-18 15:48:52 pid:16053 Workerman[server.php] chat 
2016-09-18 15:48:52 pid:16053 Workerman[server.php] not run
2016-09-18 15:49:14 pid:16060 Workerman[server.php] chat 
2016-09-18 15:49:14 pid:16060 Workerman[server.php] not run
2016-09-18 15:49:18 pid:16067 Workerman[server.php] chat 
2016-09-18 15:49:18 pid:16067 Workerman[server.php] not run
2016-09-18 15:59:37 pid:16829 Workerman[server.php] start in DEBUG mode
2016-09-18 16:00:59 pid:16829 Workerman[server.php] Stopping ...
2016-09-18 16:00:59 pid:16829 Workerman[server.php] has been stopped
2016-09-18 16:27:40 pid:18985 Workerman[server.php] start in DEBUG mode
2016-09-18 16:31:32 pid:18985 Workerman[server.php] Stopping ...
2016-09-18 16:31:33 pid:18985 Workerman[server.php] has been stopped
2016-09-18 16:39:29 pid:19806 Workerman[server.php] todpole 
2016-09-18 16:39:29 pid:19806 Workerman[server.php] not run
2016-09-18 16:39:33 pid:19813 Workerman[server.php] start in DEBUG mode
2016-09-18 16:39:35 pid:19813 Workerman[server.php] Stopping ...
2016-09-18 16:39:35 pid:19813 Workerman[server.php] has been stopped
2016-09-18 16:41:39 pid:20003 Workerman[server.php] start in DEBUG mode
2016-09-18 16:42:21 pid:20003 Workerman[server.php] Stopping ...
2016-09-18 16:42:21 pid:20003 Workerman[server.php] has been stopped
2016-09-18 16:43:48 pid:20197 Workerman[server.php] start in DEBUG mode
2016-09-18 16:44:29 pid:20197 Workerman[server.php] Stopping ...
2016-09-18 16:44:29 pid:20197 Workerman[server.php] has been stopped
2016-09-18 17:04:59 pid:21737 Workerman[Sharin/server.module] start in DEBUG mode
2016-09-18 17:06:19 pid:21737 Workerman[server.module] Stopping ...
2016-09-18 17:06:20 pid:21737 Workerman[server.module] has been stopped
2016-09-18 17:22:20 pid:23059 Workerman[Sharin/server.module] start in DEBUG mode
2016-09-18 17:23:57 pid:23059 Workerman[server.module] Stopping ...
2016-09-18 17:23:57 pid:23059 Workerman[server.module] has been stopped
2016-09-18 17:24:00 pid:23273 Workerman[Sharin/server.module] start in DEBUG mode
2016-09-18 17:24:29 pid:23273 Workerman[server.module] Stopping ...
2016-09-18 17:24:29 pid:23273 Workerman[server.module] has been stopped
2016-09-18 17:27:40 pid:23549 Workerman[../Sharin/server.module] start in DEBUG mode
2016-09-18 17:33:20 pid:23549 Workerman[server.module] Stopping ...
2016-09-18 17:33:20 pid:23549 Workerman[server.module] has been stopped
2016-09-18 21:47:16 pid:5837 Workerman[Sharin/service.module] start in DEBUG mode
2016-09-18 21:47:16 pid:5837 Warning: You must have the root privileges to change uid and gid.
2016-09-18 21:47:16 pid:5838 Warning: change gid or uid fail.
2016-09-18 21:47:48 pid:5837 Workerman[service.module] Stopping ...
2016-09-18 21:47:48 pid:5837 Workerman[service.module] has been stopped
2016-09-19 05:49:38 pid:5937 Workerman[Sharin/service.module] start in DEBUG mode
2016-09-19 05:49:38 pid:5937 Warning: You must have the root privileges to change uid and gid.
2016-09-19 05:49:38 pid:5938 Warning: change gid or uid fail.
2016-09-19 05:50:16 pid:5937 Workerman[service.module] Stopping ...
2016-09-19 05:50:16 pid:5937 Workerman[service.module] has been stopped
2016-09-19 05:50:19 pid:5980 Workerman[Sharin/service.module] start in DAEMON mode
2016-09-19 05:50:19 pid:5982 Warning: You must have the root privileges to change uid and gid.
2016-09-19 05:50:19 pid:5983 Warning: change gid or uid fail.
2016-09-19 05:53:14 pid:6611 Workerman[Sharin/service.module] start in DAEMON mode
2016-09-19 05:53:14 pid:6611 Workerman[Sharin/service.module] already running
2016-09-19 05:53:24 pid:6612 Workerman[Sharin/service.module] sttop 
2016-09-19 05:53:26 pid:6613 Workerman[Sharin/service.module] stop 
2016-09-19 05:53:26 pid:6613 Workerman[Sharin/service.module] is stoping ...
2016-09-19 05:53:26 pid:5982 Workerman[service.module] Stopping ...
2016-09-19 05:53:26 pid:5982 Workerman[service.module] has been stopped
2016-09-19 05:53:26 pid:6613 Workerman[Sharin/service.module] stop success
2016-09-19 05:53:35 pid:6614 Workerman[Sharin/service.module] start in DEBUG mode
2016-09-19 05:53:35 pid:6614 Warning: You must have the root privileges to change uid and gid.
2016-09-19 05:53:35 pid:6615 Warning: change gid or uid fail.
2016-09-19 05:57:12 pid:6614 Workerman[service.module] Stopping ...
2016-09-19 05:57:12 pid:6614 Workerman[service.module] has been stopped
